-------------------------------------------------------------------------------
Test set: com.raf.cinemamovieservice.CinemaMovieServiceApplicationTests
-------------------------------------------------------------------------------
Tests run: 1, Failures: 0, Errors: 1, Skipped: 0, Time elapsed: 2.808 s <<< FAILURE! - in com.raf.cinemamovieservice.CinemaMovieServiceApplicationTests
contextLoads  Time elapsed: 0.001 s  <<< ERROR!
java.lang.IllegalStateException: Failed to load ApplicationContext
Caused by: org.springframework.beans.factory.BeanCreationException: Error creating bean with name 'org.springframework.cloud.autoconfigure.RefreshAutoConfiguration$JpaInvokerConfiguration': Invocation of init method failed; nested exception is org.springframework.beans.factory.BeanCreationException: Error creating bean with name 'org.springframework.boot.autoconfigure.jdbc.DataSourceInitializerInvoker': Invocation of init method failed; nested exception is org.springframework.beans.factory.BeanCreationException: Error creating bean with name 'dataSource' defined in BeanDefinition defined in class path resource [org/springframework/boot/autoconfigure/jdbc/DataSourceConfiguration$Hikari.class]: Initialization of bean failed; nested exception is org.springframework.aop.framework.AopConfigException: Unexpected AOP exception; nested exception is java.lang.IllegalStateException: Unable to load cache item
Caused by: org.springframework.beans.factory.BeanCreationException: Error creating bean with name 'org.springframework.boot.autoconfigure.jdbc.DataSourceInitializerInvoker': Invocation of init method failed; nested exception is org.springframework.beans.factory.BeanCreationException: Error creating bean with name 'dataSource' defined in BeanDefinition defined in class path resource [org/springframework/boot/autoconfigure/jdbc/DataSourceConfiguration$Hikari.class]: Initialization of bean failed; nested exception is org.springframework.aop.framework.AopConfigException: Unexpected AOP exception; nested exception is java.lang.IllegalStateException: Unable to load cache item
Caused by: org.springframework.beans.factory.BeanCreationException: Error creating bean with name 'dataSource' defined in BeanDefinition defined in class path resource [org/springframework/boot/autoconfigure/jdbc/DataSourceConfiguration$Hikari.class]: Initialization of bean failed; nested exception is org.springframework.aop.framework.AopConfigException: Unexpected AOP exception; nested exception is java.lang.IllegalStateException: Unable to load cache item
Caused by: org.springframework.aop.framework.AopConfigException: Unexpected AOP exception; nested exception is java.lang.IllegalStateException: Unable to load cache item
Caused by: java.lang.IllegalStateException: Unable to load cache item
Caused by: java.lang.VerifyError: 
Stack map does not match the one at exception handler 10
Exception Details:
  Location:
    com/zaxxer/hikari/HikariDataSource$$EnhancerBySpringCGLIB$$2b3ba74e.<init>(Lcom/zaxxer/hikari/HikariConfig;)V @10: athrow
  Reason:
    Current frame's flags are not assignable to stack map frame's.
  Current Frame:
    bci: @0
    flags: { flagThisUninit }
    locals: { uninitializedThis, 'com/zaxxer/hikari/HikariConfig' }
    stack: { 'java/lang/RuntimeException' }
  Stackmap Frame:
    bci: @10
    flags: { }
    locals: { top, 'com/zaxxer/hikari/HikariConfig' }
    stack: { 'java/lang/Throwable' }
  Bytecode:
    0000000: 2a59 2bb7 0677 b800 3eb1 bfbb 0054 5a5f
    0000010: b700 57bf                              
  Exception Handler Table:
    bci [0, 10] => handler: 10
    bci [0, 10] => handler: 10
    bci [0, 10] => handler: 11
  Stackmap Table:
    full_frame(@10,{Top,Object[#1657]},{Object[#82]})
    same_locals_1_stack_item_frame(@11,Object[#82])


